<?xml version="1.0" encoding="UTF-8"?>
<!-- Generated by org.testng.reporters.JUnitReportReporter -->
<testsuite skipped="0" hostname="HELGASPECTRE" name="testMG.consepts.TestNGAnnotations" tests="4" failures="0" timestamp="28 Oct 2020 23:55:57 GMT" time="0.007" errors="0">
  <testcase name="test_without_priority" time="0.003" classname="testMG.consepts.TestNGAnnotations"/>
  <testcase name="test_one" time="0.001" classname="testMG.consepts.TestNGAnnotations"/>
  <testcase name="test_two" time="0.002" classname="testMG.consepts.TestNGAnnotations"/>
  <testcase name="test_three" time="0.001" classname="testMG.consepts.TestNGAnnotations"/>
</testsuite> <!-- testMG.consepts.TestNGAnnotations -->
