<?xml version="1.0" encoding="UTF-8"?>
<!-- Generated by org.testng.reporters.JUnitReportReporter -->
<testsuite skipped="0" hostname="HELGASPECTRE" name="testNG.consepts.TestNGDependent" tests="3" failures="0" timestamp="29 Oct 2020 21:57:43 GMT" time="0.011" errors="0">
  <testcase name="test_NavigateToURL" time="0.001" classname="testNG.consepts.TestNGDependent"/>
  <testcase name="test_SignINtoApplication" time="0.001" classname="testNG.consepts.TestNGDependent"/>
  <testcase name="test_OpenBrowser" time="0.009" classname="testNG.consepts.TestNGDependent"/>
</testsuite> <!-- testNG.consepts.TestNGDependent -->
